[debug] [2021-04-06T13:16:59.066Z] ----------------------------------------------------------------------
[debug] [2021-04-06T13:16:59.068Z] Command:       C:\Program Files\nodejs\node.exe C:\Users\User\AppData\Roaming\npm\node_modules\firebase-tools\lib\bin\firebase.js init
[debug] [2021-04-06T13:16:59.068Z] CLI Version:   9.8.0
[debug] [2021-04-06T13:16:59.068Z] Platform:      win32
[debug] [2021-04-06T13:16:59.068Z] Node Version:  v14.15.4
[debug] [2021-04-06T13:16:59.069Z] Time:          Tue Apr 06 2021 19:16:59 GMT+0600 (Bangladesh Standard Time)
[debug] [2021-04-06T13:16:59.069Z] ----------------------------------------------------------------------
[debug] 
[debug] [2021-04-06T13:16:59.071Z] >>> [apiv2][query] GET https://firebase-public.firebaseio.com/cli.json [none]
[debug] [2021-04-06T13:16:59.089Z] > command requires scopes: ["email","openid","https://www.googleapis.com/auth/cloudplatformprojects.readonly","https://www.googleapis.com/auth/firebase","https://www.googleapis.com/auth/cloud-platform"]
[debug] [2021-04-06T13:16:59.089Z] > authorizing via signed-in user
[info] 
     ######## #### ########  ######## ########     ###     ######  ########
     ##        ##  ##     ## ##       ##     ##  ##   ##  ##       ##
     ######    ##  ########  ######   ########  #########  ######  ######
     ##        ##  ##    ##  ##       ##     ## ##     ##       ## ##
     ##       #### ##     ## ######## ########  ##     ##  ######  ########

You're about to initialize a Firebase project in this directory:

  E:\Jhankar Mahbub Web development\Github  updated Files\Ffull-stack-Assignment\full-stack-client-assignment

[debug] [2021-04-06T13:17:00.058Z] <<< [apiv2][status] GET https://firebase-public.firebaseio.com/cli.json 200
[debug] [2021-04-06T13:17:00.058Z] <<< [apiv2][body] GET https://firebase-public.firebaseio.com/cli.json {"cloudBuildErrorAfter":1594252800000,"cloudBuildWarnAfter":1590019200000,"defaultNode10After":1594252800000,"minVersion":"3.0.5","node8DeploysDisabledAfter":1613390400000,"node8RuntimeDisabledAfter":1615809600000,"node8WarnAfter":1600128000000}
[info] 
=== Project Setup
[info] 
[info] First, let's associate this project directory with a Firebase project.
[info] You can create multiple project aliases by running firebase use --add, 
[info] but for now we'll just set up a default project.
[info] 
[debug] [2021-04-06T13:18:19.639Z] > refreshing access token with scopes: []
[debug] [2021-04-06T13:18:19.640Z] >>> HTTP REQUEST POST https://www.googleapis.com/oauth2/v3/token  
 <request body omitted>
[debug] [2021-04-06T13:18:20.312Z] <<< HTTP RESPONSE 200 {"cache-control":"no-cache, no-store, max-age=0, must-revalidate","date":"Tue, 06 Apr 2021 13:18:19 GMT","pragma":"no-cache","expires":"Mon, 01 Jan 1990 00:00:00 GMT","content-type":"application/json; charset=utf-8","vary":"X-Origin, Referer, Origin,Accept-Encoding","server":"scaffolding on HTTPServer2","x-xss-protection":"0","x-frame-options":"SAMEORIGIN","x-content-type-options":"nosniff","alt-svc":"h3-29=\":443\"; ma=2592000,h3-T051=\":443\"; ma=2592000,h3-Q050=\":443\"; ma=2592000,h3-Q046=\":443\"; ma=2592000,h3-Q043=\":443\"; ma=2592000,quic=\":443\"; ma=2592000; v=\"46,43\"","accept-ranges":"none","transfer-encoding":"chunked"}
[debug] [2021-04-06T13:18:20.319Z] >>> [apiv2][query] GET https://firebase.googleapis.com/v1beta1/projects pageSize=100
[debug] [2021-04-06T13:18:21.282Z] <<< [apiv2][status] GET https://firebase.googleapis.com/v1beta1/projects 200
[debug] [2021-04-06T13:18:21.282Z] <<< [apiv2][body] GET https://firebase.googleapis.com/v1beta1/projects [omitted]
[info] i  Using project full-stack-client-assignment (full-stack-client-assignment) 
[info] 
=== Hosting Setup
[info] 
[info] Your public directory is the folder (relative to your project directory) that
[info] will contain Hosting assets to be uploaded with firebase deploy. If you
[info] have a build process for your assets, use your build's output directory.
[info] 
[debug] [2021-04-06T13:19:09.454Z] >>> [apiv2][query] GET https://www.gstatic.com/firebasejs/releases.json [none]
[debug] [2021-04-06T13:19:09.869Z] <<< [apiv2][status] GET https://www.gstatic.com/firebasejs/releases.json 200
[debug] [2021-04-06T13:19:09.869Z] <<< [apiv2][body] GET https://www.gstatic.com/firebasejs/releases.json {"current":{"version":"8.3.2","browserURL":"https://www.gstatic.com/firebasejs/8.3.2/firebase.js","packageURL":"https://www.gstatic.com/firebasejs/8.3.2/firebase.tgz"},"live":{"version":"8.3","browserURL":"https://www.gstatic.com/firebasejs/live/8.3/firebase.js","packageURL":"https://www.gstatic.com/firebasejs/live/8.3/firebase.tgz"},"components":{"analytics":"https://www.gstatic.com/firebasejs/8.3.2/firebase-analytics.js","app":"https://www.gstatic.com/firebasejs/8.3.2/firebase-app.js","auth":"https://www.gstatic.com/firebasejs/8.3.2/firebase-auth.js","database":"https://www.gstatic.com/firebasejs/8.3.2/firebase-database.js","firestore":"https://www.gstatic.com/firebasejs/8.3.2/firebase-firestore.js","functions":"https://www.gstatic.com/firebasejs/8.3.2/firebase-functions.js","installations":"https://www.gstatic.com/firebasejs/8.3.2/firebase-installations.js","messaging":"https://www.gstatic.com/firebasejs/8.3.2/firebase-messaging.js","storage":"https://www.gstatic.com/firebasejs/8.3.2/firebase-storage.js","performance":"https://www.gstatic.com/firebasejs/8.3.2/firebase-performance.js","remote-config":"https://www.gstatic.com/firebasejs/8.3.2/firebase-remote-config.js","firestore.memory":"https://www.gstatic.com/firebasejs/8.3.2/firebase-firestore.memory.js"}}
[info] +  Wrote  /index.html 
[info] 
[info] i  Detected a .git folder at E:\Jhankar Mahbub Web development\Github  updated Files\Ffull-stack-Assignment\full-stack-client-assignment 
[info] i  Authorizing with GitHub to upload your service account to a GitHub repository's secrets store. 
[info] 
[info] Visit this URL on this device to log in:
[info] https://github.com/login/oauth/authorize?client_id=89cf50f02ac6aaed3484&state=197175973&redirect_uri=http%3A%2F%2Flocalhost%3A9005&scope=read%3Auser%20repo%20public_repo
[info] 
[info] Waiting for authentication...
[debug] [2021-04-06T13:19:11.677Z] >>> HTTP REQUEST POST https://github.com/login/oauth/access_token  
 {"client_id":"89cf50f02ac6aaed3484","client_secret":"3330d14abc895d9a74d5f17cd7a00711fa2c5bf0","code":"9a0b348582f94a25eedd","redirect_uri":"http://localhost:9005","state":"197175973"}
[debug] [2021-04-06T13:19:12.961Z] <<< HTTP RESPONSE 200 {"server":"GitHub.com","date":"Tue, 06 Apr 2021 13:19:12 GMT","content-type":"application/json; charset=utf-8","transfer-encoding":"chunked","vary":"X-PJAX, Accept-Encoding, Accept, X-Requested-With","etag":"W/\"2e7ecccbdfaa16e250d28df4c3d88b67\"","cache-control":"max-age=0, private, must-revalidate","strict-transport-security":"max-age=31536000; includeSubdomains; preload","x-frame-options":"deny","x-content-type-options":"nosniff","x-xss-protection":"0","referrer-policy":"origin-when-cross-origin, strict-origin-when-cross-origin","expect-ct":"max-age=2592000, report-uri=\"https://api.github.com/_private/browser/errors\"","content-security-policy":"default-src 'none'; base-uri 'self'; block-all-mixed-content; connect-src 'self' uploads.github.com www.githubstatus.com collector.githubapp.com api.github.com github-cloud.s3.amazonaws.com github-production-repository-file-5c1aeb.s3.amazonaws.com github-production-upload-manifest-file-7fdce7.s3.amazonaws.com github-production-user-asset-6210df.s3.amazonaws.com cdn.optimizely.com logx.optimizely.com/v1/events wss://alive.github.com; font-src github.githubassets.com; form-action 'self' github.com gist.github.com; frame-ancestors 'none'; frame-src render.githubusercontent.com; img-src 'self' data: github.githubassets.com identicons.github.com collector.githubapp.com github-cloud.s3.amazonaws.com secured-user-images.githubusercontent.com/ *.githubusercontent.com; manifest-src 'self'; media-src 'none'; script-src github.githubassets.com; style-src 'unsafe-inline' github.githubassets.com; worker-src github.com/socket-worker-3f088aa2.js gist.github.com/socket-worker-3f088aa2.js","x-github-request-id":"0758:3B80:4C8391:544186:606C5FCF"}
[debug] [2021-04-06T13:19:12.967Z] >>> [apiv2][query] GET https://api.github.com/user [none]
[debug] [2021-04-06T13:19:14.271Z] <<< [apiv2][status] GET https://api.github.com/user 200
[debug] [2021-04-06T13:19:14.271Z] <<< [apiv2][body] GET https://api.github.com/user {"login":"rahulmohonto","id":76803590,"node_id":"MDQ6VXNlcjc2ODAzNTkw","avatar_url":"https://avatars.githubusercontent.com/u/76803590?v=4","gravatar_id":"","url":"https://api.github.com/users/rahulmohonto","html_url":"https://github.com/rahulmohonto","followers_url":"https://api.github.com/users/rahulmohonto/followers","following_url":"https://api.github.com/users/rahulmohonto/following{/other_user}","gists_url":"https://api.github.com/users/rahulmohonto/gists{/gist_id}","starred_url":"https://api.github.com/users/rahulmohonto/starred{/owner}{/repo}","subscriptions_url":"https://api.github.com/users/rahulmohonto/subscriptions","organizations_url":"https://api.github.com/users/rahulmohonto/orgs","repos_url":"https://api.github.com/users/rahulmohonto/repos","events_url":"https://api.github.com/users/rahulmohonto/events{/privacy}","received_events_url":"https://api.github.com/users/rahulmohonto/received_events","type":"User","site_admin":false,"name":"Rahul Mohonto","company":null,"blog":"","location":"Puthia, Rajshahi, Bangladesh","email":null,"hireable":null,"bio":"I am an engineering student. I am now studying Material Science  & Engineering At Rajshahi University of Engineering & Technology. ","twitter_username":null,"public_repos":23,"public_gists":0,"followers":0,"following":0,"created_at":"2020-12-31T05:35:36Z","updated_at":"2021-04-02T17:36:34Z","private_gists":0,"total_private_repos":2,"owned_private_repos":2,"disk_usage":72814,"collaborators":0,"two_factor_authentication":false,"plan":{"name":"free","space":976562499,"collaborators":0,"private_repos":10000}}
[info] 
[info] +  Success! Logged into GitHub as rahulmohonto 
[info] 
[debug] [2021-04-06T13:19:26.645Z] >>> [apiv2][query] GET https://api.github.com/repos//actions/secrets/public-key type=owner
[debug] [2021-04-06T13:19:27.413Z] <<< [apiv2][status] GET https://api.github.com/repos//actions/secrets/public-key 404
[debug] [2021-04-06T13:19:27.413Z] <<< [apiv2][body] GET https://api.github.com/repos//actions/secrets/public-key {"message":"Not Found","documentation_url":"https://docs.github.com/rest"}
[debug] [2021-04-06T13:19:33.749Z] >>> [apiv2][query] GET https://api.github.com/repos//actions/secrets/public-key type=owner
[debug] [2021-04-06T13:19:34.506Z] <<< [apiv2][status] GET https://api.github.com/repos//actions/secrets/public-key 404
[debug] [2021-04-06T13:19:34.506Z] <<< [apiv2][body] GET https://api.github.com/repos//actions/secrets/public-key {"message":"Not Found","documentation_url":"https://docs.github.com/rest"}
[debug] [2021-04-06T13:22:51.877Z] >>> [apiv2][query] GET https://api.github.com/repos/Porgramming-Hero-web-Course/full-stack-client-rahulmohonto/actions/secrets/public-key type=owner
[debug] [2021-04-06T13:22:53.582Z] <<< [apiv2][status] GET https://api.github.com/repos/Porgramming-Hero-web-Course/full-stack-client-rahulmohonto/actions/secrets/public-key 404
[debug] [2021-04-06T13:22:53.583Z] <<< [apiv2][body] GET https://api.github.com/repos/Porgramming-Hero-web-Course/full-stack-client-rahulmohonto/actions/secrets/public-key {"message":"Not Found","documentation_url":"https://docs.github.com/rest/reference/actions#get-a-repository-public-key"}
[debug] [2021-04-06T13:24:21.829Z] >>> [apiv2][query] GET https://api.github.com/repos/Porgramming-Hero-web-course/full/stack-client-rahulmohonto/actions/secrets/public-key type=owner
[debug] [2021-04-06T13:24:22.649Z] <<< [apiv2][status] GET https://api.github.com/repos/Porgramming-Hero-web-course/full/stack-client-rahulmohonto/actions/secrets/public-key 404
[debug] [2021-04-06T13:24:22.649Z] <<< [apiv2][body] GET https://api.github.com/repos/Porgramming-Hero-web-course/full/stack-client-rahulmohonto/actions/secrets/public-key {"message":"Not Found","documentation_url":"https://docs.github.com/rest"}
[debug] [2021-04-06T13:24:40.796Z] >>> [apiv2][query] GET https://api.github.com/repos/Porgramming-Hero-web-course/full-stack-client-rahulmohonto/actions/secrets/public-key type=owner
[debug] [2021-04-06T13:24:41.589Z] <<< [apiv2][status] GET https://api.github.com/repos/Porgramming-Hero-web-course/full-stack-client-rahulmohonto/actions/secrets/public-key 404
[debug] [2021-04-06T13:24:41.589Z] <<< [apiv2][body] GET https://api.github.com/repos/Porgramming-Hero-web-course/full-stack-client-rahulmohonto/actions/secrets/public-key {"message":"Not Found","documentation_url":"https://docs.github.com/rest/reference/actions#get-a-repository-public-key"}
[debug] [2021-04-06T13:24:46.822Z] >>> [apiv2][query] GET https://api.github.com/repos/Porgramming-Hero-web-course/full-stack-client-rahulmohonto /actions/secrets/public-key type=owner
[debug] [2021-04-06T13:24:47.659Z] <<< [apiv2][status] GET https://api.github.com/repos/Porgramming-Hero-web-course/full-stack-client-rahulmohonto /actions/secrets/public-key 404
[debug] [2021-04-06T13:24:47.659Z] <<< [apiv2][body] GET https://api.github.com/repos/Porgramming-Hero-web-course/full-stack-client-rahulmohonto /actions/secrets/public-key {"message":"Not Found","documentation_url":"https://docs.github.com/rest/reference/actions#get-a-repository-public-key"}
